#
# There is insufficient memory for the Java Runtime Environment to continue.
# Native memory allocation (malloc) failed to allocate 1870256 bytes for Chunk::new
# Possible reasons:
#   The system is out of physical RAM or swap space
#   The process is running with CompressedOops enabled, and the Java Heap may be blocking the growth of the native heap
# Possible solutions:
#   Reduce memory load on the system
#   Increase physical memory or swap space
#   Check if swap backing store is full
#   Decrease Java heap size (-Xmx/-Xms)
#   Decrease number of Java threads
#   Decrease Java thread stack sizes (-Xss)
#   Set larger code cache with -XX:ReservedCodeCacheSize=
#   JVM is running with Unscaled Compressed Oops mode in which the Java heap is
#     placed in the first 4GB address space. The Java Heap base address is the
#     maximum limit for the native heap growth. Please use -XX:HeapBaseMinAddress
#     to set the Java Heap base and to place the Java Heap above 4GB virtual address.
# This output file may be truncated or incomplete.
#
#  Out of Memory Error (./src/hotspot/share/memory/arena.cpp:197), pid=15980, tid=22156
#
# JRE version: OpenJDK Runtime Environment (11.0.13) (build 11.0.13+0-b1751.21-8125866)
# Java VM: OpenJDK 64-Bit Server VM (11.0.13+0-b1751.21-8125866, mixed mode, tiered, compressed oops, g1 gc, windows-amd64)
# No core dump will be written. Minidumps are not enabled by default on client versions of Windows
#

---------------  S U M M A R Y ------------

Command Line: --add-opens=java.base/java.util=ALL-UNNAMED --add-opens=java.base/java.lang=ALL-UNNAMED --add-opens=java.base/java.lang.invoke=ALL-UNNAMED --add-opens=java.base/java.util=ALL-UNNAMED --add-opens=java.prefs/java.util.prefs=ALL-UNNAMED --add-opens=java.prefs/java.util.prefs=ALL-UNNAMED --add-opens=java.base/java.nio.charset=ALL-UNNAMED --add-opens=java.base/java.net=ALL-UNNAMED --add-opens=java.base/java.util.concurrent.atomic=ALL-UNNAMED -Xmx2048m -Dfile.encoding=UTF-8 -Duser.country=PY -Duser.language=es -Duser.variant org.gradle.launcher.daemon.bootstrap.GradleDaemon 7.4

Host: AMD Ryzen 5 3500U with Radeon Vega Mobile Gfx  , 8 cores, 5G,  Windows 11 , 64 bit Build 22621 (10.0.22621.2215)
Time: Mon Sep 18 16:01:32 2023 Hora estándar de Paraguay elapsed time: 23.044980 seconds (0d 0h 0m 23s)

---------------  T H R E A D  ---------------

Current thread (0x0000026c5ac8a000):  JavaThread "C2 CompilerThread0" daemon [_thread_in_native, id=22156, stack(0x000000e02e100000,0x000000e02e200000)]


Current CompileTask:
C2:  23045 6651       4       java.lang.Class::getMethod (59 bytes)

Stack: [0x000000e02e100000,0x000000e02e200000]
Native frames: (J=compiled Java code, j=interpreted, Vv=VM code, C=native code)
V  [jvm.dll+0x6100fa]
V  [jvm.dll+0x747090]
V  [jvm.dll+0x7486ad]
V  [jvm.dll+0x748d83]
V  [jvm.dll+0x24ab48]
V  [jvm.dll+0xc04dc]
V  [jvm.dll+0xc0a0c]
V  [jvm.dll+0x35eb5b]
V  [jvm.dll+0x32b833]
V  [jvm.dll+0x32ad2a]
V  [jvm.dll+0x2032b2]
V  [jvm.dll+0x202437]
V  [jvm.dll+0x188e01]
V  [jvm.dll+0x21106b]
V  [jvm.dll+0x20f8c1]
V  [jvm.dll+0x70de0f]
V  [jvm.dll+0x706a75]
V  [jvm.dll+0x60ed66]
C  [ucrtbase.dll+0x29363]
C  [KERNEL32.DLL+0x1257d]
C  [ntdll.dll+0x5aa68]


---------------  P R O C E S S  ---------------

Threads class SMR info:
_java_thread_list=0x0000026c5c3cb110, length=124, elements={
0x0000026c3ff5c800, 0x0000026c5a420800, 0x0000026c5a40e800, 0x0000026c5ac81000,
0x0000026c5ac82800, 0x0000026c5ac83800, 0x0000026c5ac8a000, 0x0000026c5ac8c800,
0x0000026c5ac91000, 0x0000026c5ae15000, 0x0000026c5c6dc800, 0x0000026c5c679800,
0x0000026c5d3ef800, 0x0000026c5c8db000, 0x0000026c5bcd7800, 0x0000026c5d247800,
0x0000026c5bbde800, 0x0000026c5d29b800, 0x0000026c5c8aa000, 0x0000026c5ce50000,
0x0000026c5d309000, 0x0000026c5d306800, 0x0000026c5d30a000, 0x0000026c5d30b000,
0x0000026c5d30b800, 0x0000026c5d30c800, 0x0000026c5d30d800, 0x0000026c5d307800,
0x0000026c5d308800, 0x0000026c5c8c7000, 0x0000026c5c8c8000, 0x0000026c5c8c5800,
0x0000026c5c8c3000, 0x0000026c5c8c9800, 0x0000026c5c8c4000, 0x0000026c5c8ca800,
0x0000026c5c8c4800, 0x0000026c5c8cc000, 0x0000026c5c8cb800, 0x0000026c5c8c6800,
0x0000026c5c8cd000, 0x0000026c5c8d2000, 0x0000026c5c8cd800, 0x0000026c5c8ce800,
0x0000026c5c8cf800, 0x0000026c5c8d0000, 0x0000026c5c8d1000, 0x0000026c60d99000,
0x0000026c60d9d000, 0x0000026c60d9f800, 0x0000026c60d9a000, 0x0000026c60d9c800,
0x0000026c60d9b800, 0x0000026c60d9f000, 0x0000026c60d9b000, 0x0000026c60da1800,
0x0000026c60da3800, 0x0000026c60da0800, 0x0000026c60da2000, 0x0000026c60d9e000,
0x0000026c60da4800, 0x0000026c60da7000, 0x0000026c60da5800, 0x0000026c60da3000,
0x0000026c60da6000, 0x0000026c60da8000, 0x0000026c6152b800, 0x0000026c6152e000,
0x0000026c6152b000, 0x0000026c61528800, 0x0000026c61529000, 0x0000026c6152f000,
0x0000026c6152a000, 0x0000026c61530800, 0x0000026c6152c800, 0x0000026c61530000,
0x0000026c61531800, 0x0000026c61532000, 0x0000026c61533000, 0x0000026c6152d800,
0x0000026c61536800, 0x0000026c61535800, 0x0000026c61534000, 0x0000026c61537000,
0x0000026c61534800, 0x0000026c60dc4800, 0x0000026c60dc6000, 0x0000026c60dc3800,
0x0000026c60dc2000, 0x0000026c60dc7000, 0x0000026c60dc1000, 0x0000026c60dc7800,
0x0000026c60dc5000, 0x0000026c60dc8800, 0x0000026c60dc3000, 0x0000026c60dcb000,
0x0000026c60dcc000, 0x0000026c60dcc800, 0x0000026c60dcd800, 0x0000026c60dce000,
0x0000026c60dcf000, 0x0000026c60dc9800, 0x0000026c60dd0000, 0x0000026c60dca000,
0x0000026c5af7e800, 0x0000026c5af7f800, 0x0000026c5af80000, 0x0000026c5af7c000,
0x0000026c5af81000, 0x0000026c5af7b800, 0x0000026c5af82000, 0x0000026c5af82800,
0x0000026c5af7d000, 0x0000026c5af83800, 0x0000026c5af7d800, 0x0000026c5af89000,
0x0000026c5af87800, 0x0000026c5af85000, 0x0000026c5af84800, 0x0000026c5af86000,
0x0000026c5af86800, 0x0000026c5bf8a800, 0x0000026c5af8a000, 0x0000026c62faa800
}

Java Threads: ( => current thread )
  0x0000026c3ff5c800 JavaThread "main" [_thread_blocked, id=6068, stack(0x000000e02d500000,0x000000e02d600000)]
  0x0000026c5a420800 JavaThread "Reference Handler" daemon [_thread_blocked, id=3660, stack(0x000000e02dc00000,0x000000e02dd00000)]
  0x0000026c5a40e800 JavaThread "Finalizer" daemon [_thread_blocked, id=7148, stack(0x000000e02dd00000,0x000000e02de00000)]
  0x0000026c5ac81000 JavaThread "Signal Dispatcher" daemon [_thread_blocked, id=16860, stack(0x000000e02de00000,0x000000e02df00000)]
  0x0000026c5ac82800 JavaThread "Attach Listener" daemon [_thread_blocked, id=22484, stack(0x000000e02df00000,0x000000e02e000000)]
  0x0000026c5ac83800 JavaThread "Service Thread" daemon [_thread_blocked, id=19520, stack(0x000000e02e000000,0x000000e02e100000)]
=>0x0000026c5ac8a000 JavaThread "C2 CompilerThread0" daemon [_thread_in_native, id=22156, stack(0x000000e02e100000,0x000000e02e200000)]
  0x0000026c5ac8c800 JavaThread "C1 CompilerThread0" daemon [_thread_blocked, id=1140, stack(0x000000e02e200000,0x000000e02e300000)]
  0x0000026c5ac91000 JavaThread "Sweeper thread" daemon [_thread_blocked, id=21800, stack(0x000000e02e300000,0x000000e02e400000)]
  0x0000026c5ae15000 JavaThread "Common-Cleaner" daemon [_thread_blocked, id=5960, stack(0x000000e02e400000,0x000000e02e500000)]
  0x0000026c5c6dc800 JavaThread "Daemon health stats" [_thread_blocked, id=11088, stack(0x000000e02e600000,0x000000e02e700000)]
  0x0000026c5c679800 JavaThread "Incoming local TCP Connector on port 54646" [_thread_in_native, id=21404, stack(0x000000e02e800000,0x000000e02e900000)]
  0x0000026c5d3ef800 JavaThread "Daemon periodic checks" [_thread_blocked, id=6256, stack(0x000000e02e900000,0x000000e02ea00000)]
  0x0000026c5c8db000 JavaThread "Daemon" [_thread_blocked, id=16864, stack(0x000000e02ea00000,0x000000e02eb00000)]
  0x0000026c5bcd7800 JavaThread "Handler for socket connection from /127.0.0.1:54646 to /127.0.0.1:54647" [_thread_in_native, id=11956, stack(0x000000e02eb00000,0x000000e02ec00000)]
  0x0000026c5d247800 JavaThread "Cancel handler" [_thread_blocked, id=10928, stack(0x000000e02ec00000,0x000000e02ed00000)]
  0x0000026c5bbde800 JavaThread "Daemon worker" [_thread_in_vm, id=23704, stack(0x000000e02ed00000,0x000000e02ee00000)]
  0x0000026c5d29b800 JavaThread "Asynchronous log dispatcher for DefaultDaemonConnection: socket connection from /127.0.0.1:54646 to /127.0.0.1:54647" [_thread_blocked, id=20292, stack(0x000000e02ee00000,0x000000e02ef00000)]
  0x0000026c5c8aa000 JavaThread "Stdin handler" [_thread_blocked, id=20252, stack(0x000000e02ef00000,0x000000e02f000000)]
  0x0000026c5ce50000 JavaThread "Daemon client event forwarder" [_thread_blocked, id=23248, stack(0x000000e02f000000,0x000000e02f100000)]
  0x0000026c5d309000 JavaThread "Cache worker for journal cache (C:\Users\tobia\.gradle\caches\journal-1)" [_thread_blocked, id=22648, stack(0x000000e02f100000,0x000000e02f200000)]
  0x0000026c5d306800 JavaThread "File lock request listener" [_thread_in_native, id=21784, stack(0x000000e02f200000,0x000000e02f300000)]
  0x0000026c5d30a000 JavaThread "Cache worker for file hash cache (C:\Users\tobia\.gradle\caches\7.4\fileHashes)" [_thread_blocked, id=1004, stack(0x000000e02f300000,0x000000e02f400000)]
  0x0000026c5d30b000 JavaThread "File watcher server" daemon [_thread_in_native, id=22504, stack(0x000000e02fb00000,0x000000e02fc00000)]
  0x0000026c5d30b800 JavaThread "File watcher consumer" daemon [_thread_blocked, id=21896, stack(0x000000e02fc00000,0x000000e02fd00000)]
  0x0000026c5d30c800 JavaThread "Cache worker for checksums cache (C:\Users\tobia\AndroidStudioProjects\Spensa\.gradle\7.4\checksums)" [_thread_blocked, id=22588, stack(0x000000e02fd00000,0x000000e02fe00000)]
  0x0000026c5d30d800 JavaThread "Cache worker for cache directory md-rule (C:\Users\tobia\.gradle\caches\7.4\md-rule)" [_thread_blocked, id=2708, stack(0x000000e02fe00000,0x000000e02ff00000)]
  0x0000026c5d307800 JavaThread "Cache worker for file hash cache (C:\Users\tobia\AndroidStudioProjects\Spensa\.gradle\7.4\fileHashes)" [_thread_blocked, id=12348, stack(0x000000e02ff00000,0x000000e030000000)]
  0x0000026c5d308800 JavaThread "Cache worker for cache directory md-supplier (C:\Users\tobia\.gradle\caches\7.4\md-supplier)" [_thread_blocked, id=1424, stack(0x000000e030000000,0x000000e030100000)]
  0x0000026c5c8c7000 JavaThread "Cache worker for execution history cache (C:\Users\tobia\.gradle\caches\7.4\executionHistory)" [_thread_blocked, id=23668, stack(0x000000e030100000,0x000000e030200000)]
  0x0000026c5c8c8000 JavaThread "jar transforms" [_thread_blocked, id=18616, stack(0x000000e030200000,0x000000e030300000)]
  0x0000026c5c8c5800 JavaThread "Cache worker for file content cache (C:\Users\tobia\.gradle\caches\7.4\fileContent)" [_thread_blocked, id=18384, stack(0x000000e030300000,0x000000e030400000)]
  0x0000026c5c8c3000 JavaThread "jar transforms Thread 2" [_thread_blocked, id=11976, stack(0x000000e030400000,0x000000e030500000)]
  0x0000026c5c8c9800 JavaThread "Cache worker for dependencies-accessors (C:\Users\tobia\AndroidStudioProjects\Spensa\.gradle\7.4\dependencies-accessors)" [_thread_blocked, id=11316, stack(0x000000e030500000,0x000000e030600000)]
  0x0000026c5c8c4000 JavaThread "jar transforms Thread 3" [_thread_blocked, id=272, stack(0x000000e030600000,0x000000e030700000)]
  0x0000026c5c8ca800 JavaThread "Cache worker for Build Output Cleanup Cache (C:\Users\tobia\AndroidStudioProjects\Spensa\.gradle\buildOutputCleanup)" [_thread_blocked, id=23260, stack(0x000000e030800000,0x000000e030900000)]
  0x0000026c5c8c4800 JavaThread "Unconstrained build operations" [_thread_blocked, id=8604, stack(0x000000e030a00000,0x000000e030b00000)]
  0x0000026c5c8cc000 JavaThread "Unconstrained build operations Thread 2" [_thread_blocked, id=15992, stack(0x000000e030b00000,0x000000e030c00000)]
  0x0000026c5c8cb800 JavaThread "Unconstrained build operations Thread 3" [_thread_blocked, id=756, stack(0x000000e030c00000,0x000000e030d00000)]
  0x0000026c5c8c6800 JavaThread "Unconstrained build operations Thread 4" [_thread_blocked, id=16184, stack(0x000000e030d00000,0x000000e030e00000)]
  0x0000026c5c8cd000 JavaThread "Unconstrained build operations Thread 5" [_thread_blocked, id=3940, stack(0x000000e030e00000,0x000000e030f00000)]
  0x0000026c5c8d2000 JavaThread "Unconstrained build operations Thread 6" [_thread_blocked, id=5792, stack(0x000000e030f00000,0x000000e031000000)]
  0x0000026c5c8cd800 JavaThread "Unconstrained build operations Thread 7" [_thread_blocked, id=3588, stack(0x000000e031000000,0x000000e031100000)]
  0x0000026c5c8ce800 JavaThread "Unconstrained build operations Thread 8" [_thread_blocked, id=15344, stack(0x000000e031100000,0x000000e031200000)]
  0x0000026c5c8cf800 JavaThread "Unconstrained build operations Thread 9" [_thread_blocked, id=22276, stack(0x000000e031200000,0x000000e031300000)]
  0x0000026c5c8d0000 JavaThread "Unconstrained build operations Thread 10" [_thread_blocked, id=22032, stack(0x000000e031300000,0x000000e031400000)]
  0x0000026c5c8d1000 JavaThread "Unconstrained build operations Thread 11" [_thread_blocked, id=5440, stack(0x000000e031400000,0x000000e031500000)]
  0x0000026c60d99000 JavaThread "Unconstrained build operations Thread 12" [_thread_blocked, id=12044, stack(0x000000e031500000,0x000000e031600000)]
  0x0000026c60d9d000 JavaThread "Unconstrained build operations Thread 13" [_thread_blocked, id=12480, stack(0x000000e031600000,0x000000e031700000)]
  0x0000026c60d9f800 JavaThread "Unconstrained build operations Thread 14" [_thread_blocked, id=1384, stack(0x000000e031700000,0x000000e031800000)]
  0x0000026c60d9a000 JavaThread "Unconstrained build operations Thread 15" [_thread_blocked, id=2836, stack(0x000000e031800000,0x000000e031900000)]
  0x0000026c60d9c800 JavaThread "Unconstrained build operations Thread 16" [_thread_blocked, id=11972, stack(0x000000e031900000,0x000000e031a00000)]
  0x0000026c60d9b800 JavaThread "Unconstrained build operations Thread 17" [_thread_blocked, id=7796, stack(0x000000e031a00000,0x000000e031b00000)]
  0x0000026c60d9f000 JavaThread "Unconstrained build operations Thread 18" [_thread_blocked, id=22936, stack(0x000000e031b00000,0x000000e031c00000)]
  0x0000026c60d9b000 JavaThread "Unconstrained build operations Thread 19" [_thread_blocked, id=16052, stack(0x000000e031c00000,0x000000e031d00000)]
  0x0000026c60da1800 JavaThread "Unconstrained build operations Thread 20" [_thread_blocked, id=23504, stack(0x000000e031d00000,0x000000e031e00000)]
  0x0000026c60da3800 JavaThread "Unconstrained build operations Thread 21" [_thread_blocked, id=23716, stack(0x000000e031e00000,0x000000e031f00000)]
  0x0000026c60da0800 JavaThread "Unconstrained build operations Thread 22" [_thread_blocked, id=22044, stack(0x000000e031f00000,0x000000e032000000)]
  0x0000026c60da2000 JavaThread "Unconstrained build operations Thread 23" [_thread_blocked, id=13388, stack(0x000000e032000000,0x000000e032100000)]
  0x0000026c60d9e000 JavaThread "Unconstrained build operations Thread 24" [_thread_blocked, id=22308, stack(0x000000e032100000,0x000000e032200000)]
  0x0000026c60da4800 JavaThread "Unconstrained build operations Thread 25" [_thread_blocked, id=19556, stack(0x000000e032200000,0x000000e032300000)]
  0x0000026c60da7000 JavaThread "Unconstrained build operations Thread 26" [_thread_blocked, id=13196, stack(0x000000e032300000,0x000000e032400000)]
  0x0000026c60da5800 JavaThread "Unconstrained build operations Thread 27" [_thread_blocked, id=13460, stack(0x000000e032400000,0x000000e032500000)]
  0x0000026c60da3000 JavaThread "Unconstrained build operations Thread 28" [_thread_blocked, id=17032, stack(0x000000e032500000,0x000000e032600000)]
  0x0000026c60da6000 JavaThread "Unconstrained build operations Thread 29" [_thread_blocked, id=22256, stack(0x000000e032600000,0x000000e032700000)]
  0x0000026c60da8000 JavaThread "Unconstrained build operations Thread 30" [_thread_blocked, id=11064, stack(0x000000e032700000,0x000000e032800000)]
  0x0000026c6152b800 JavaThread "Unconstrained build operations Thread 31" [_thread_blocked, id=20536, stack(0x000000e032800000,0x000000e032900000)]
  0x0000026c6152e000 JavaThread "Unconstrained build operations Thread 32" [_thread_blocked, id=9448, stack(0x000000e032900000,0x000000e032a00000)]
  0x0000026c6152b000 JavaThread "Unconstrained build operations Thread 33" [_thread_blocked, id=7420, stack(0x000000e032a00000,0x000000e032b00000)]
  0x0000026c61528800 JavaThread "Unconstrained build operations Thread 34" [_thread_blocked, id=12180, stack(0x000000e032b00000,0x000000e032c00000)]
  0x0000026c61529000 JavaThread "Unconstrained build operations Thread 35" [_thread_blocked, id=23116, stack(0x000000e032c00000,0x000000e032d00000)]
  0x0000026c6152f000 JavaThread "Unconstrained build operations Thread 36" [_thread_blocked, id=13976, stack(0x000000e032d00000,0x000000e032e00000)]
  0x0000026c6152a000 JavaThread "Unconstrained build operations Thread 37" [_thread_blocked, id=21552, stack(0x000000e032e00000,0x000000e032f00000)]
  0x0000026c61530800 JavaThread "Unconstrained build operations Thread 38" [_thread_blocked, id=22980, stack(0x000000e032f00000,0x000000e033000000)]
  0x0000026c6152c800 JavaThread "Unconstrained build operations Thread 39" [_thread_blocked, id=3304, stack(0x000000e033000000,0x000000e033100000)]
  0x0000026c61530000 JavaThread "Unconstrained build operations Thread 40" [_thread_blocked, id=1756, stack(0x000000e033100000,0x000000e033200000)]
  0x0000026c61531800 JavaThread "Unconstrained build operations Thread 41" [_thread_blocked, id=24400, stack(0x000000e033200000,0x000000e033300000)]
  0x0000026c61532000 JavaThread "Unconstrained build operations Thread 42" [_thread_blocked, id=13140, stack(0x000000e033300000,0x000000e033400000)]
  0x0000026c61533000 JavaThread "Unconstrained build operations Thread 43" [_thread_blocked, id=16808, stack(0x000000e033400000,0x000000e033500000)]
  0x0000026c6152d800 JavaThread "Unconstrained build operations Thread 44" [_thread_blocked, id=21756, stack(0x000000e033500000,0x000000e033600000)]
  0x0000026c61536800 JavaThread "Unconstrained build operations Thread 45" [_thread_blocked, id=16396, stack(0x000000e033600000,0x000000e033700000)]
  0x0000026c61535800 JavaThread "Unconstrained build operations Thread 46" [_thread_blocked, id=8032, stack(0x000000e033700000,0x000000e033800000)]
  0x0000026c61534000 JavaThread "Unconstrained build operations Thread 47" [_thread_blocked, id=13652, stack(0x000000e033800000,0x000000e033900000)]
  0x0000026c61537000 JavaThread "Unconstrained build operations Thread 48" [_thread_blocked, id=24376, stack(0x000000e033900000,0x000000e033a00000)]
  0x0000026c61534800 JavaThread "Unconstrained build operations Thread 49" [_thread_blocked, id=22116, stack(0x000000e033a00000,0x000000e033b00000)]
  0x0000026c60dc4800 JavaThread "Unconstrained build operations Thread 50" [_thread_blocked, id=10780, stack(0x000000e033b00000,0x000000e033c00000)]
  0x0000026c60dc6000 JavaThread "Unconstrained build operations Thread 51" [_thread_blocked, id=9960, stack(0x000000e033c00000,0x000000e033d00000)]
  0x0000026c60dc3800 JavaThread "Unconstrained build operations Thread 52" [_thread_blocked, id=23480, stack(0x000000e033d00000,0x000000e033e00000)]
  0x0000026c60dc2000 JavaThread "Unconstrained build operations Thread 53" [_thread_blocked, id=5180, stack(0x000000e033e00000,0x000000e033f00000)]
  0x0000026c60dc7000 JavaThread "Unconstrained build operations Thread 54" [_thread_blocked, id=16440, stack(0x000000e033f00000,0x000000e034000000)]
  0x0000026c60dc1000 JavaThread "Unconstrained build operations Thread 55" [_thread_blocked, id=13152, stack(0x000000e034000000,0x000000e034100000)]
  0x0000026c60dc7800 JavaThread "Unconstrained build operations Thread 56" [_thread_blocked, id=15672, stack(0x000000e034100000,0x000000e034200000)]
  0x0000026c60dc5000 JavaThread "Unconstrained build operations Thread 57" [_thread_blocked, id=18124, stack(0x000000e034200000,0x000000e034300000)]
  0x0000026c60dc8800 JavaThread "Unconstrained build operations Thread 58" [_thread_blocked, id=7548, stack(0x000000e034300000,0x000000e034400000)]
  0x0000026c60dc3000 JavaThread "Unconstrained build operations Thread 59" [_thread_blocked, id=7784, stack(0x000000e034400000,0x000000e034500000)]
  0x0000026c60dcb000 JavaThread "Unconstrained build operations Thread 60" [_thread_blocked, id=12772, stack(0x000000e034500000,0x000000e034600000)]
  0x0000026c60dcc000 JavaThread "Unconstrained build operations Thread 61" [_thread_blocked, id=10876, stack(0x000000e034600000,0x000000e034700000)]
  0x0000026c60dcc800 JavaThread "Unconstrained build operations Thread 62" [_thread_blocked, id=2140, stack(0x000000e034700000,0x000000e034800000)]
  0x0000026c60dcd800 JavaThread "Unconstrained build operations Thread 63" [_thread_blocked, id=13284, stack(0x000000e034800000,0x000000e034900000)]
  0x0000026c60dce000 JavaThread "Unconstrained build operations Thread 64" [_thread_blocked, id=23492, stack(0x000000e034900000,0x000000e034a00000)]
  0x0000026c60dcf000 JavaThread "Unconstrained build operations Thread 65" [_thread_blocked, id=22572, stack(0x000000e034a00000,0x000000e034b00000)]
  0x0000026c60dc9800 JavaThread "Unconstrained build operations Thread 66" [_thread_blocked, id=9428, stack(0x000000e034b00000,0x000000e034c00000)]
  0x0000026c60dd0000 JavaThread "Unconstrained build operations Thread 67" [_thread_blocked, id=23224, stack(0x000000e034c00000,0x000000e034d00000)]
  0x0000026c60dca000 JavaThread "Unconstrained build operations Thread 68" [_thread_blocked, id=13792, stack(0x000000e034d00000,0x000000e034e00000)]
  0x0000026c5af7e800 JavaThread "Unconstrained build operations Thread 69" [_thread_blocked, id=3732, stack(0x000000e034e00000,0x000000e034f00000)]
  0x0000026c5af7f800 JavaThread "Unconstrained build operations Thread 70" [_thread_blocked, id=23880, stack(0x000000e034f00000,0x000000e035000000)]
  0x0000026c5af80000 JavaThread "Unconstrained build operations Thread 71" [_thread_blocked, id=19344, stack(0x000000e035000000,0x000000e035100000)]
  0x0000026c5af7c000 JavaThread "Unconstrained build operations Thread 72" [_thread_blocked, id=22612, stack(0x000000e035100000,0x000000e035200000)]
  0x0000026c5af81000 JavaThread "Unconstrained build operations Thread 73" [_thread_blocked, id=17404, stack(0x000000e035200000,0x000000e035300000)]
  0x0000026c5af7b800 JavaThread "Unconstrained build operations Thread 74" [_thread_blocked, id=21724, stack(0x000000e035300000,0x000000e035400000)]
  0x0000026c5af82000 JavaThread "Unconstrained build operations Thread 75" [_thread_blocked, id=1752, stack(0x000000e035400000,0x000000e035500000)]
  0x0000026c5af82800 JavaThread "Unconstrained build operations Thread 76" [_thread_blocked, id=23228, stack(0x000000e035500000,0x000000e035600000)]
  0x0000026c5af7d000 JavaThread "Unconstrained build operations Thread 77" [_thread_blocked, id=21880, stack(0x000000e035600000,0x000000e035700000)]
  0x0000026c5af83800 JavaThread "Unconstrained build operations Thread 78" [_thread_blocked, id=13216, stack(0x000000e035700000,0x000000e035800000)]
  0x0000026c5af7d800 JavaThread "Unconstrained build operations Thread 79" [_thread_blocked, id=7084, stack(0x000000e035800000,0x000000e035900000)]
  0x0000026c5af89000 JavaThread "Unconstrained build operations Thread 80" [_thread_blocked, id=22892, stack(0x000000e035900000,0x000000e035a00000)]
  0x0000026c5af87800 JavaThread "jar transforms Thread 4" [_thread_blocked, id=3736, stack(0x000000e035a00000,0x000000e035b00000)]
  0x0000026c5af85000 JavaThread "jar transforms Thread 5" [_thread_blocked, id=16648, stack(0x000000e035b00000,0x000000e035c00000)]
  0x0000026c5af84800 JavaThread "jar transforms Thread 6" [_thread_blocked, id=23208, stack(0x000000e035c00000,0x000000e035d00000)]
  0x0000026c5af86000 JavaThread "jar transforms Thread 7" [_thread_blocked, id=9016, stack(0x000000e035d00000,0x000000e035e00000)]
  0x0000026c5af86800 JavaThread "jar transforms Thread 8" [_thread_blocked, id=17016, stack(0x000000e035e00000,0x000000e035f00000)]
  0x0000026c5bf8a800 JavaThread "C2 CompilerThread1" daemon [_thread_in_native, id=13624, stack(0x000000e030700000,0x000000e030800000)]
  0x0000026c5af8a000 JavaThread "Memory manager" [_thread_blocked, id=6376, stack(0x000000e030900000,0x000000e030a00000)]
  0x0000026c62faa800 JavaThread "C2 CompilerThread2" daemon [_thread_in_native, id=9136, stack(0x000000e035f00000,0x000000e036000000)]

Other Threads:
  0x0000026c5ac35000 VMThread "VM Thread" [stack: 0x000000e02db00000,0x000000e02dc00000] [id=7732]
  0x0000026c5ae7a000 WatcherThread [stack: 0x000000e02e500000,0x000000e02e600000] [id=13560]
  0x0000026c3ff76800 GCTaskThread "GC Thread#0" [stack: 0x000000e02d600000,0x000000e02d700000] [id=22884]
  0x0000026c5b937000 GCTaskThread "GC Thread#1" [stack: 0x000000e02e700000,0x000000e02e800000] [id=1560]
  0x0000026c5cd45800 GCTaskThread "GC Thread#2" [stack: 0x000000e02f400000,0x000000e02f500000] [id=9720]
  0x0000026c5d1d9800 GCTaskThread "GC Thread#3" [stack: 0x000000e02f500000,0x000000e02f600000] [id=13648]
  0x0000026c5cfe3800 GCTaskThread "GC Thread#4" [stack: 0x000000e02f600000,0x000000e02f700000] [id=7508]
  0x0000026c5bc9a800 GCTaskThread "GC Thread#5" [stack: 0x000000e02f700000,0x000000e02f800000] [id=22008]
  0x0000026c5bc9b000 GCTaskThread "GC Thread#6" [stack: 0x000000e02f800000,0x000000e02f900000] [id=21376]
  0x0000026c5c50b800 GCTaskThread "GC Thread#7" [stack: 0x000000e02f900000,0x000000e02fa00000] [id=19560]
  0x0000026c3ffa7800 ConcurrentGCThread "G1 Main Marker" [stack: 0x000000e02d700000,0x000000e02d800000] [id=22360]
  0x0000026c3ffaa000 ConcurrentGCThread "G1 Conc#0" [stack: 0x000000e02d800000,0x000000e02d900000] [id=6536]
  0x0000026c5c69b800 ConcurrentGCThread "G1 Conc#1" [stack: 0x000000e02fa00000,0x000000e02fb00000] [id=6800]
  0x0000026c5a25f800 ConcurrentGCThread "G1 Refine#0" [stack: 0x000000e02d900000,0x000000e02da00000] [id=22692]
  0x0000026c5a262000 ConcurrentGCThread "G1 Young RemSet Sampling" [stack: 0x000000e02da00000,0x000000e02db00000] [id=23676]

Threads with active compile tasks:
C2 CompilerThread0  23104 6651       4       java.lang.Class::getMethod (59 bytes)
C2 CompilerThread1  23104 6696   !   4       org.codehaus.groovy.reflection.stdclasses.CachedSAMClass::hasUsableImplementation (72 bytes)
C2 CompilerThread2  23105 6717       4       java.lang.reflect.Method::specificToGenericStringHeader (48 bytes)

VM state:not at safepoint (normal execution)

VM Mutex/Monitor currently owned by a thread: None

Heap address: 0x0000000080000000, size: 2048 MB, Compressed Oops mode: 32-bit
Narrow klass base: 0x0000000000000000, Narrow klass shift: 3
Compressed class space size: 1073741824 Address: 0x0000000100000000

Heap:
 garbage-first heap   total 118784K, used 70038K [0x0000000080000000, 0x0000000100000000)
  region size 1024K, 17 young (17408K), 3 survivors (3072K)
 Metaspace       used 66667K, capacity 68210K, committed 68436K, reserved 1110016K
  class space    used 8359K, capacity 8971K, committed 9088K, reserved 1048576K
Heap Regions: E=young(eden), S=young(survivor), O=old, HS=humongous(starts), HC=humongous(continues), CS=collection set, F=free, A=archive, TAMS=top-at-mark-start (previous, next)
|   0|0x0000000080000000, 0x0000000080100000, 0x0000000080100000|100%| O|  |TAMS 0x0000000080100000, 0x0000000080000000| Untracked 
|   1|0x0000000080100000, 0x0000000080200000, 0x0000000080200000|100%| O|  |TAMS 0x0000000080200000, 0x0000000080100000| Untracked 
|   2|0x0000000080200000, 0x0000000080300000, 0x0000000080300000|100%| O|  |TAMS 0x0000000080300000, 0x0000000080200000| Untracked 
|   3|0x0000000080300000, 0x0000000080400000, 0x0000000080400000|100%|HS|  |TAMS 0x0000000080400000, 0x0000000080300000| Complete 
|   4|0x0000000080400000, 0x0000000080500000, 0x0000000080500000|100%|HC|  |TAMS 0x0000000080500000, 0x0000000080400000| Complete 
|   5|0x0000000080500000, 0x0000000080600000, 0x0000000080600000|100%|HC|  |TAMS 0x0000000080600000, 0x0000000080500000| Complete 
|   6|0x0000000080600000, 0x0000000080700000, 0x0000000080700000|100%| O|  |TAMS 0x0000000080700000, 0x0000000080600000| Untracked 
|   7|0x0000000080700000, 0x0000000080800000, 0x0000000080800000|100%| O|  |TAMS 0x0000000080800000, 0x0000000080700000| Untracked 
|   8|0x0000000080800000, 0x0000000080900000, 0x0000000080900000|100%| O|  |TAMS 0x0000000080900000, 0x0000000080800000| Untracked 
|   9|0x0000000080900000, 0x0000000080a00000, 0x0000000080a00000|100%| O|  |TAMS 0x0000000080a00000, 0x0000000080900000| Untracked 
|  10|0x0000000080a00000, 0x0000000080b00000, 0x0000000080b00000|100%| O|  |TAMS 0x0000000080b00000, 0x0000000080a00000| Untracked 
|  11|0x0000000080b00000, 0x0000000080c00000, 0x0000000080c00000|100%| O|  |TAMS 0x0000000080c00000, 0x0000000080b00000| Untracked 
|  12|0x0000000080c00000, 0x0000000080d00000, 0x0000000080d00000|100%| O|  |TAMS 0x0000000080d00000, 0x0000000080c00000| Untracked 
|  13|0x0000000080d00000, 0x0000000080e00000, 0x0000000080e00000|100%| O|  |TAMS 0x0000000080e00000, 0x0000000080d00000| Untracked 
|  14|0x0000000080e00000, 0x0000000080f00000, 0x0000000080f00000|100%| O|  |TAMS 0x0000000080f00000, 0x0000000080e00000| Untracked 
|  15|0x0000000080f00000, 0x0000000081000000, 0x0000000081000000|100%| O|  |TAMS 0x0000000081000000, 0x0000000080f00000| Untracked 
|  16|0x0000000081000000, 0x0000000081100000, 0x0000000081100000|100%| O|  |TAMS 0x0000000081100000, 0x0000000081000000| Untracked 
|  17|0x0000000081100000, 0x0000000081200000, 0x0000000081200000|100%| O|  |TAMS 0x0000000081200000, 0x0000000081100000| Untracked 
|  18|0x0000000081200000, 0x0000000081300000, 0x0000000081300000|100%| O|  |TAMS 0x0000000081300000, 0x0000000081200000| Untracked 
|  19|0x0000000081300000, 0x0000000081400000, 0x0000000081400000|100%| O|  |TAMS 0x0000000081400000, 0x0000000081300000| Untracked 
|  20|0x0000000081400000, 0x0000000081500000, 0x0000000081500000|100%| O|  |TAMS 0x0000000081500000, 0x0000000081400000| Untracked 
|  21|0x0000000081500000, 0x0000000081600000, 0x0000000081600000|100%| O|  |TAMS 0x0000000081600000, 0x0000000081500000| Untracked 
|  22|0x0000000081600000, 0x0000000081700000, 0x0000000081700000|100%| O|  |TAMS 0x0000000081700000, 0x0000000081600000| Untracked 
|  23|0x0000000081700000, 0x0000000081800000, 0x0000000081800000|100%| O|  |TAMS 0x0000000081800000, 0x0000000081700000| Untracked 
|  24|0x0000000081800000, 0x0000000081900000, 0x0000000081900000|100%| O|  |TAMS 0x0000000081900000, 0x0000000081800000| Untracked 
|  25|0x0000000081900000, 0x0000000081a00000, 0x0000000081a00000|100%| O|  |TAMS 0x0000000081a00000, 0x0000000081900000| Untracked 
|  26|0x0000000081a00000, 0x0000000081b00000, 0x0000000081b00000|100%|HS|  |TAMS 0x0000000081b00000, 0x0000000081a00000| Complete 
|  27|0x0000000081b00000, 0x0000000081c00000, 0x0000000081c00000|100%|HS|  |TAMS 0x0000000081c00000, 0x0000000081b00000| Complete 
|  28|0x0000000081c00000, 0x0000000081d00000, 0x0000000081d00000|100%| O|  |TAMS 0x0000000081d00000, 0x0000000081c00000| Untracked 
|  29|0x0000000081d00000, 0x0000000081e00000, 0x0000000081e00000|100%|HS|  |TAMS 0x0000000081e00000, 0x0000000081d00000| Complete 
|  30|0x0000000081e00000, 0x0000000081f00000, 0x0000000081f00000|100%|HC|  |TAMS 0x0000000081f00000, 0x0000000081e00000| Complete 
|  31|0x0000000081f00000, 0x0000000082000000, 0x0000000082000000|100%| O|  |TAMS 0x0000000082000000, 0x0000000081f00000| Untracked 
|  32|0x0000000082000000, 0x0000000082100000, 0x0000000082100000|100%| O|  |TAMS 0x0000000082100000, 0x0000000082000000| Untracked 
|  33|0x0000000082100000, 0x0000000082200000, 0x0000000082200000|100%| O|  |TAMS 0x0000000082200000, 0x0000000082100000| Untracked 
|  34|0x0000000082200000, 0x0000000082300000, 0x0000000082300000|100%| O|  |TAMS 0x0000000082300000, 0x0000000082200000| Untracked 
|  35|0x0000000082300000, 0x0000000082400000, 0x0000000082400000|100%| O|  |TAMS 0x0000000082400000, 0x0000000082300000| Untracked 
|  36|0x0000000082400000, 0x0000000082500000, 0x0000000082500000|100%| O|  |TAMS 0x0000000082500000, 0x0000000082400000| Untracked 
|  37|0x0000000082500000, 0x0000000082600000, 0x0000000082600000|100%| O|  |TAMS 0x0000000082600000, 0x0000000082500000| Untracked 
|  38|0x0000000082600000, 0x0000000082700000, 0x0000000082700000|100%| O|  |TAMS 0x0000000082700000, 0x0000000082600000| Untracked 
|  39|0x0000000082700000, 0x0000000082800000, 0x0000000082800000|100%| O|  |TAMS 0x0000000082800000, 0x0000000082700000| Untracked 
|  40|0x0000000082800000, 0x0000000082900000, 0x0000000082900000|100%| O|  |TAMS 0x0000000082900000, 0x0000000082800000| Untracked 
|  41|0x0000000082900000, 0x0000000082a00000, 0x0000000082a00000|100%| O|  |TAMS 0x0000000082a00000, 0x0000000082900000| Untracked 
|  42|0x0000000082a00000, 0x0000000082b00000, 0x0000000082b00000|100%| O|  |TAMS 0x0000000082b00000, 0x0000000082a00000| Untracked 
|  43|0x0000000082b00000, 0x0000000082c00000, 0x0000000082c00000|100%| O|  |TAMS 0x0000000082c00000, 0x0000000082b00000| Untracked 
|  44|0x0000000082c00000, 0x0000000082d00000, 0x0000000082d00000|100%| O|  |TAMS 0x0000000082c00000, 0x0000000082c00000| Untracked 
|  45|0x0000000082d00000, 0x0000000082e00000, 0x0000000082e00000|100%| O|  |TAMS 0x0000000082d00000, 0x0000000082d00000| Untracked 
|  46|0x0000000082e00000, 0x0000000082f00000, 0x0000000082f00000|100%| O|  |TAMS 0x0000000082e00000, 0x0000000082e00000| Untracked 
|  47|0x0000000082f00000, 0x0000000083000000, 0x0000000083000000|100%| O|  |TAMS 0x0000000082f00000, 0x0000000082f00000| Untracked 
|  48|0x0000000083000000, 0x0000000083100000, 0x0000000083100000|100%| O|  |TAMS 0x0000000083000000, 0x0000000083000000| Untracked 
|  49|0x0000000083100000, 0x0000000083200000, 0x0000000083200000|100%| O|  |TAMS 0x0000000083100000, 0x0000000083100000| Untracked 
|  50|0x0000000083200000, 0x0000000083300000, 0x0000000083300000|100%| O|  |TAMS 0x0000000083200000, 0x0000000083200000| Untracked 
|  51|0x0000000083300000, 0x0000000083400000, 0x0000000083400000|100%| O|  |TAMS 0x0000000083307600, 0x0000000083300000| Untracked 
|  52|0x0000000083400000, 0x00000000834bb800, 0x0000000083500000| 73%| O|  |TAMS 0x0000000083400000, 0x0000000083400000| Untracked 
|  53|0x0000000083500000, 0x0000000083500000, 0x0000000083600000|  0%| F|  |TAMS 0x0000000083500000, 0x0000000083500000| Untracked 
|  54|0x0000000083600000, 0x0000000083600000, 0x0000000083700000|  0%| F|  |TAMS 0x0000000083600000, 0x0000000083600000| Untracked 
|  55|0x0000000083700000, 0x0000000083700000, 0x0000000083800000|  0%| F|  |TAMS 0x0000000083700000, 0x0000000083700000| Untracked 
|  56|0x0000000083800000, 0x0000000083800000, 0x0000000083900000|  0%| F|  |TAMS 0x0000000083800000, 0x0000000083800000| Untracked 
|  57|0x0000000083900000, 0x0000000083900000, 0x0000000083a00000|  0%| F|  |TAMS 0x0000000083900000, 0x0000000083900000| Untracked 
|  58|0x0000000083a00000, 0x0000000083a00000, 0x0000000083b00000|  0%| F|  |TAMS 0x0000000083a00000, 0x0000000083a00000| Untracked 
|  59|0x0000000083b00000, 0x0000000083b00000, 0x0000000083c00000|  0%| F|  |TAMS 0x0000000083b00000, 0x0000000083b00000| Untracked 
|  60|0x0000000083c00000, 0x0000000083c00000, 0x0000000083d00000|  0%| F|  |TAMS 0x0000000083c00000, 0x0000000083c00000| Untracked 
|  61|0x0000000083d00000, 0x0000000083d00000, 0x0000000083e00000|  0%| F|  |TAMS 0x0000000083d00000, 0x0000000083d00000| Untracked 
|  62|0x0000000083e00000, 0x0000000083e00000, 0x0000000083f00000|  0%| F|  |TAMS 0x0000000083e00000, 0x0000000083e00000| Untracked 
|  63|0x0000000083f00000, 0x0000000083f00000, 0x0000000084000000|  0%| F|  |TAMS 0x0000000083f00000, 0x0000000083f00000| Untracked 
|  64|0x0000000084000000, 0x0000000084000000, 0x0000000084100000|  0%| F|  |TAMS 0x0000000084000000, 0x0000000084000000| Untracked 
|  65|0x0000000084100000, 0x0000000084100000, 0x0000000084200000|  0%| F|  |TAMS 0x0000000084100000, 0x0000000084100000| Untracked 
|  66|0x0000000084200000, 0x0000000084200000, 0x0000000084300000|  0%| F|  |TAMS 0x0000000084200000, 0x0000000084200000| Untracked 
|  67|0x0000000084300000, 0x0000000084300000, 0x0000000084400000|  0%| F|  |TAMS 0x0000000084300000, 0x0000000084300000| Untracked 
|  68|0x0000000084400000, 0x0000000084400000, 0x0000000084500000|  0%| F|  |TAMS 0x0000000084400000, 0x0000000084400000| Untracked 
|  69|0x0000000084500000, 0x0000000084500000, 0x0000000084600000|  0%| F|  |TAMS 0x0000000084500000, 0x0000000084500000| Untracked 
|  70|0x0000000084600000, 0x0000000084600000, 0x0000000084700000|  0%| F|  |TAMS 0x0000000084600000, 0x0000000084600000| Untracked 
|  71|0x0000000084700000, 0x0000000084700000, 0x0000000084800000|  0%| F|  |TAMS 0x0000000084700000, 0x0000000084700000| Untracked 
|  72|0x0000000084800000, 0x0000000084800000, 0x0000000084900000|  0%| F|  |TAMS 0x0000000084800000, 0x0000000084800000| Untracked 
|  73|0x0000000084900000, 0x00000000849aa1f0, 0x0000000084a00000| 66%| S|CS|TAMS 0x0000000084900000, 0x0000000084900000| Complete 
|  74|0x0000000084a00000, 0x0000000084b00000, 0x0000000084b00000|100%| S|CS|TAMS 0x0000000084a00000, 0x0000000084a00000| Complete 
|  75|0x0000000084b00000, 0x0000000084b00000, 0x0000000084c00000|  0%| F|  |TAMS 0x0000000084b00000, 0x0000000084b00000| Untracked 
|  76|0x0000000084c00000, 0x0000000084c00000, 0x0000000084d00000|  0%| F|  |TAMS 0x0000000084c00000, 0x0000000084c00000| Untracked 
|  77|0x0000000084d00000, 0x0000000084d00000, 0x0000000084e00000|  0%| F|  |TAMS 0x0000000084d00000, 0x0000000084d00000| Untracked 
|  78|0x0000000084e00000, 0x0000000084e00000, 0x0000000084f00000|  0%| F|  |TAMS 0x0000000084e00000, 0x0000000084e00000| Untracked 
|  79|0x0000000084f00000, 0x0000000085000000, 0x0000000085000000|100%| S|CS|TAMS 0x0000000084f00000, 0x0000000084f00000| Complete 
|  80|0x0000000085000000, 0x0000000085000000, 0x0000000085100000|  0%| F|  |TAMS 0x0000000085000000, 0x0000000085000000| Untracked 
|  81|0x0000000085100000, 0x0000000085100000, 0x0000000085200000|  0%| F|  |TAMS 0x0000000085100000, 0x0000000085100000| Untracked 
|  82|0x0000000085200000, 0x0000000085200000, 0x0000000085300000|  0%| F|  |TAMS 0x0000000085200000, 0x0000000085200000| Untracked 
|  83|0x0000000085300000, 0x0000000085300000, 0x0000000085400000|  0%| F|  |TAMS 0x0000000085300000, 0x0000000085300000| Untracked 
|  84|0x0000000085400000, 0x0000000085400000, 0x0000000085500000|  0%| F|  |TAMS 0x0000000085400000, 0x0000000085400000| Untracked 
|  85|0x0000000085500000, 0x0000000085500000, 0x0000000085600000|  0%| F|  |TAMS 0x0000000085500000, 0x0000000085500000| Untracked 
|  86|0x0000000085600000, 0x0000000085600000, 0x0000000085700000|  0%| F|  |TAMS 0x0000000085600000, 0x0000000085600000| Untracked 
|  87|0x0000000085700000, 0x0000000085700000, 0x0000000085800000|  0%| F|  |TAMS 0x0000000085700000, 0x0000000085700000| Untracked 
|  88|0x0000000085800000, 0x0000000085800000, 0x0000000085900000|  0%| F|  |TAMS 0x0000000085800000, 0x0000000085800000| Untracked 
|  89|0x0000000085900000, 0x0000000085900000, 0x0000000085a00000|  0%| F|  |TAMS 0x0000000085900000, 0x0000000085900000| Untracked 
|  90|0x0000000085a00000, 0x0000000085a00000, 0x0000000085b00000|  0%| F|  |TAMS 0x0000000085a00000, 0x0000000085a00000| Untracked 
|  91|0x0000000085b00000, 0x0000000085b00000, 0x0000000085c00000|  0%| F|  |TAMS 0x0000000085b00000, 0x0000000085b00000| Untracked 
|  92|0x0000000085c00000, 0x0000000085c00000, 0x0000000085d00000|  0%| F|  |TAMS 0x0000000085c00000, 0x0000000085c00000| Untracked 
|  93|0x0000000085d00000, 0x0000000085d00000, 0x0000000085e00000|  0%| F|  |TAMS 0x0000000085d00000, 0x0000000085d00000| Untracked 
|  94|0x0000000085e00000, 0x0000000085e00000, 0x0000000085f00000|  0%| F|  |TAMS 0x0000000085e00000, 0x0000000085e00000| Untracked 
|  95|0x0000000085f00000, 0x0000000085f00000, 0x0000000086000000|  0%| F|  |TAMS 0x0000000085f00000, 0x0000000085f00000| Untracked 
|  96|0x0000000086000000, 0x0000000086000000, 0x0000000086100000|  0%| F|  |TAMS 0x0000000086000000, 0x0000000086000000| Untracked 
|  97|0x0000000086100000, 0x0000000086100000, 0x0000000086200000|  0%| F|  |TAMS 0x0000000086100000, 0x0000000086100000| Untracked 
|  98|0x0000000086200000, 0x0000000086200000, 0x0000000086300000|  0%| F|  |TAMS 0x0000000086200000, 0x0000000086200000| Untracked 
|  99|0x0000000086300000, 0x0000000086300000, 0x0000000086400000|  0%| F|  |TAMS 0x0000000086300000, 0x0000000086300000| Untracked 
| 100|0x0000000086400000, 0x0000000086400000, 0x0000000086500000|  0%| F|  |TAMS 0x0000000086400000, 0x0000000086400000| Untracked 
| 101|0x0000000086500000, 0x0000000086500000, 0x0000000086600000|  0%| F|  |TAMS 0x0000000086500000, 0x0000000086500000| Untracked 
| 102|0x0000000086600000, 0x0000000086700000, 0x0000000086700000|100%| E|  |TAMS 0x0000000086600000, 0x0000000086600000| Complete 
| 103|0x0000000086700000, 0x0000000086800000, 0x0000000086800000|100%| E|CS|TAMS 0x0000000086700000, 0x0000000086700000| Complete 
| 104|0x0000000086800000, 0x0000000086900000, 0x0000000086900000|100%| E|CS|TAMS 0x0000000086800000, 0x0000000086800000| Complete 
| 105|0x0000000086900000, 0x0000000086a00000, 0x0000000086a00000|100%| E|CS|TAMS 0x0000000086900000, 0x0000000086900000| Complete 
| 106|0x0000000086a00000, 0x0000000086b00000, 0x0000000086b00000|100%| E|CS|TAMS 0x0000000086a00000, 0x0000000086a00000| Complete 
| 107|0x0000000086b00000, 0x0000000086c00000, 0x0000000086c00000|100%| E|CS|TAMS 0x0000000086b00000, 0x0000000086b00000| Complete 
| 108|0x0000000086c00000, 0x0000000086d00000, 0x0000000086d00000|100%| E|CS|TAMS 0x0000000086c00000, 0x0000000086c00000| Complete 
| 109|0x0000000086d00000, 0x0000000086e00000, 0x0000000086e00000|100%| E|CS|TAMS 0x0000000086d00000, 0x0000000086d00000| Complete 
| 110|0x0000000086e00000, 0x0000000086f00000, 0x0000000086f00000|100%| E|CS|TAMS 0x0000000086e00000, 0x0000000086e00000| Complete 
| 111|0x0000000086f00000, 0x0000000087000000, 0x0000000087000000|100%| E|CS|TAMS 0x0000000086f00000, 0x0000000086f00000| Complete 
| 112|0x0000000087000000, 0x0000000087100000, 0x0000000087100000|100%| E|CS|TAMS 0x0000000087000000, 0x0000000087000000| Complete 
| 113|0x0000000087100000, 0x0000000087200000, 0x0000000087200000|100%| E|CS|TAMS 0x0000000087100000, 0x0000000087100000| Complete 
| 114|0x0000000087200000, 0x0000000087300000, 0x0000000087300000|100%| E|CS|TAMS 0x0000000087200000, 0x0000000087200000| Complete 
| 115|0x0000000087300000, 0x0000000087400000, 0x0000000087400000|100%| E|CS|TAMS 0x0000000087300000, 0x0000000087300000| Complete 

Card table byte_map: [0x0000026c531a0000,0x0000026c535a0000] _byte_map_base: 0x0000026c52da0000

Marking Bits (Prev, Next): (CMBitMap*) 0x0000026c3ff9eae8, (CMBitMap*) 0x0000026c3ff9eb20
 Prev Bits: [0x0000026c539a0000, 0x0000026c559a0000)
 Next Bits: [0x0000026c559a0000, 0x0000026c579a0000)

Polling page: 0x0000026c3f730000

Metaspace:

Usage:
  Non-class:     57.85 MB capacity,    56.96 MB ( 98%) used,   752.20 KB (  1%) free+waste,   164.69 KB ( <1%) overhead. 
      Class:      8.76 MB capacity,     8.17 MB ( 93%) used,   533.05 KB (  6%) free+waste,    76.56 KB ( <1%) overhead. 
       Both:     66.61 MB capacity,    65.12 MB ( 98%) used,     1.26 MB (  2%) free+waste,   241.25 KB ( <1%) overhead. 

Virtual space:
  Non-class space:       60.00 MB reserved,      57.96 MB ( 97%) committed 
      Class space:        1.00 GB reserved,       8.88 MB ( <1%) committed 
             Both:        1.06 GB reserved,      66.83 MB (  6%) committed 

Chunk freelists:
   Non-Class:  45.00 KB
       Class:  21.00 KB
        Both:  66.00 KB

MaxMetaspaceSize: 17179869184.00 GB
CompressedClassSpaceSize: 1.00 GB
Initial GC threshold: 20.80 MB
Current GC threshold: 104.93 MB
CDS: off

CodeHeap 'non-profiled nmethods': size=120000Kb used=4007Kb max_used=4007Kb free=115992Kb
 bounds [0x0000026c4b540000, 0x0000026c4b930000, 0x0000026c52a70000]
CodeHeap 'profiled nmethods': size=120000Kb used=14207Kb max_used=14207Kb free=105792Kb
 bounds [0x0000026c44010000, 0x0000026c44df0000, 0x0000026c4b540000]
CodeHeap 'non-nmethods': size=5760Kb used=2345Kb max_used=2389Kb free=3414Kb
 bounds [0x0000026c43a70000, 0x0000026c43ce0000, 0x0000026c44010000]
 total_blobs=7524 nmethods=6665 adapters=771
 compilation: enabled
              stopped_count=0, restarted_count=0
 full_count=0

Compilation events (20 events):
Event: 22.965 Thread 0x0000026c5bf8a800 nmethod 6668 0x0000026c4b922310 code [0x0000026c4b922520, 0x0000026c4b923408]
Event: 22.972 Thread 0x0000026c62faa800 nmethod 6652% 0x0000026c4b923a10 code [0x0000026c4b923be0, 0x0000026c4b924258]
Event: 22.973 Thread 0x0000026c5bf8a800 6696   !   4       org.codehaus.groovy.reflection.stdclasses.CachedSAMClass::hasUsableImplementation (72 bytes)
Event: 22.993 Thread 0x0000026c62faa800 6697       4       groovy.lang.MetaClassImpl::isGenericGetMethod (44 bytes)
Event: 22.995 Thread 0x0000026c5ac8c800 6698       3       org.codehaus.groovy.runtime.metaclass.MetaMethodIndex::addMethodToList (131 bytes)
Event: 22.996 Thread 0x0000026c5ac8c800 nmethod 6698 0x0000026c44de6e90 code [0x0000026c44de7140, 0x0000026c44de8248]
Event: 23.008 Thread 0x0000026c5ac8c800 6702       3       java.beans.PropertyDescriptor::<init> (112 bytes)
Event: 23.009 Thread 0x0000026c5ac8c800 nmethod 6702 0x0000026c44de8690 code [0x0000026c44de88c0, 0x0000026c44de8fe8]
Event: 23.009 Thread 0x0000026c5ac8c800 6703   !   3       java.beans.PropertyDescriptor::updateGenericsFor (37 bytes)
Event: 23.010 Thread 0x0000026c5ac8c800 nmethod 6703 0x0000026c44de9290 code [0x0000026c44de9560, 0x0000026c44dea5b8]
Event: 23.024 Thread 0x0000026c5ac8c800 6707       3       groovy.lang.MetaClassImpl::addFields (41 bytes)
Event: 23.024 Thread 0x0000026c5ac8c800 nmethod 6707 0x0000026c44deab10 code [0x0000026c44dead00, 0x0000026c44deb3d8]
Event: 23.024 Thread 0x0000026c5ac8c800 6708       3       org.codehaus.groovy.reflection.CachedClass::getFields (11 bytes)
Event: 23.025 Thread 0x0000026c5ac8c800 nmethod 6708 0x0000026c44deb690 code [0x0000026c44deb860, 0x0000026c44debb08]
Event: 23.025 Thread 0x0000026c5ac8c800 6709       3       groovy.lang.MetaClassImpl$Index::put (10 bytes)
Event: 23.025 Thread 0x0000026c5ac8c800 nmethod 6709 0x0000026c44debc10 code [0x0000026c44debde0, 0x0000026c44debfe8]
Event: 23.030 Thread 0x0000026c5ac8c800 6710       3       java.lang.reflect.Constructor::isSynthetic (5 bytes)
Event: 23.030 Thread 0x0000026c62faa800 nmethod 6697 0x0000026c4b924590 code [0x0000026c4b9247a0, 0x0000026c4b9259a8]
Event: 23.030 Thread 0x0000026c5ac8c800 nmethod 6710 0x0000026c44dec110 code [0x0000026c44dec2e0, 0x0000026c44dec518]
Event: 23.031 Thread 0x0000026c62faa800 6701       4       com.sun.beans.introspect.MethodInfo$MethodOrder::compare (167 bytes)

GC Heap History (20 events):
Event: 9.971 GC heap before
{Heap before GC invocations=7 (full 0):
 garbage-first heap   total 98304K, used 37732K [0x0000000080000000, 0x0000000100000000)
  region size 1024K, 22 young (22528K), 4 survivors (4096K)
 Metaspace       used 35051K, capacity 35751K, committed 35920K, reserved 1081344K
  class space    used 4495K, capacity 4788K, committed 4864K, reserved 1048576K
}
Event: 9.984 GC heap after
{Heap after GC invocations=8 (full 0):
 garbage-first heap   total 98304K, used 22531K [0x0000000080000000, 0x0000000100000000)
  region size 1024K, 6 young (6144K), 6 survivors (6144K)
 Metaspace       used 35051K, capacity 35751K, committed 35920K, reserved 1081344K
  class space    used 4495K, capacity 4788K, committed 4864K, reserved 1048576K
}
Event: 11.690 GC heap before
{Heap before GC invocations=9 (full 0):
 garbage-first heap   total 98304K, used 72707K [0x0000000080000000, 0x0000000100000000)
  region size 1024K, 52 young (53248K), 6 survivors (6144K)
 Metaspace       used 39317K, capacity 40193K, committed 40528K, reserved 1085440K
  class space    used 4949K, capacity 5262K, committed 5376K, reserved 1048576K
}
Event: 11.778 GC heap after
{Heap after GC invocations=10 (full 0):
 garbage-first heap   total 118784K, used 26370K [0x0000000080000000, 0x0000000100000000)
  region size 1024K, 7 young (7168K), 7 survivors (7168K)
 Metaspace       used 39317K, capacity 40193K, committed 40528K, reserved 1085440K
  class space    used 4949K, capacity 5262K, committed 5376K, reserved 1048576K
}
Event: 15.627 GC heap before
{Heap before GC invocations=10 (full 0):
 garbage-first heap   total 118784K, used 82690K [0x0000000080000000, 0x0000000100000000)
  region size 1024K, 61 young (62464K), 7 survivors (7168K)
 Metaspace       used 44068K, capacity 45094K, committed 45264K, reserved 1089536K
  class space    used 5536K, capacity 5925K, committed 6016K, reserved 1048576K
}
Event: 15.641 GC heap after
{Heap after GC invocations=11 (full 0):
 garbage-first heap   total 118784K, used 29280K [0x0000000080000000, 0x0000000100000000)
  region size 1024K, 7 young (7168K), 7 survivors (7168K)
 Metaspace       used 44068K, capacity 45094K, committed 45264K, reserved 1089536K
  class space    used 5536K, capacity 5925K, committed 6016K, reserved 1048576K
}
Event: 17.342 GC heap before
{Heap before GC invocations=11 (full 0):
 garbage-first heap   total 118784K, used 84576K [0x0000000080000000, 0x0000000100000000)
  region size 1024K, 61 young (62464K), 7 survivors (7168K)
 Metaspace       used 47889K, capacity 48999K, committed 49104K, reserved 1091584K
  class space    used 6069K, capacity 6527K, committed 6528K, reserved 1048576K
}
Event: 17.349 GC heap after
{Heap after GC invocations=12 (full 0):
 garbage-first heap   total 118784K, used 32073K [0x0000000080000000, 0x0000000100000000)
  region size 1024K, 6 young (6144K), 6 survivors (6144K)
 Metaspace       used 47889K, capacity 48999K, committed 49104K, reserved 1091584K
  class space    used 6069K, capacity 6527K, committed 6528K, reserved 1048576K
}
Event: 19.172 GC heap before
{Heap before GC invocations=12 (full 0):
 garbage-first heap   total 118784K, used 91465K [0x0000000080000000, 0x0000000100000000)
  region size 1024K, 60 young (61440K), 6 survivors (6144K)
 Metaspace       used 50388K, capacity 51710K, committed 51792K, reserved 1093632K
  class space    used 6361K, capacity 6863K, committed 6912K, reserved 1048576K
}
Event: 19.181 GC heap after
{Heap after GC invocations=13 (full 0):
 garbage-first heap   total 118784K, used 44889K [0x0000000080000000, 0x0000000100000000)
  region size 1024K, 8 young (8192K), 8 survivors (8192K)
 Metaspace       used 50388K, capacity 51710K, committed 51792K, reserved 1093632K
  class space    used 6361K, capacity 6863K, committed 6912K, reserved 1048576K
}
Event: 20.426 GC heap before
{Heap before GC invocations=13 (full 0):
 garbage-first heap   total 118784K, used 89945K [0x0000000080000000, 0x0000000100000000)
  region size 1024K, 52 young (53248K), 8 survivors (8192K)
 Metaspace       used 56873K, capacity 58258K, committed 58448K, reserved 1099776K
  class space    used 7113K, capacity 7637K, committed 7680K, reserved 1048576K
}
Event: 20.431 GC heap after
{Heap after GC invocations=14 (full 0):
 garbage-first heap   total 118784K, used 46634K [0x0000000080000000, 0x0000000100000000)
  region size 1024K, 2 young (2048K), 2 survivors (2048K)
 Metaspace       used 56873K, capacity 58258K, committed 58448K, reserved 1099776K
  class space    used 7113K, capacity 7637K, committed 7680K, reserved 1048576K
}
Event: 20.843 GC heap before
{Heap before GC invocations=14 (full 0):
 garbage-first heap   total 118784K, used 63018K [0x0000000080000000, 0x0000000100000000)
  region size 1024K, 19 young (19456K), 2 survivors (2048K)
 Metaspace       used 58790K, capacity 60150K, committed 60240K, reserved 1101824K
  class space    used 7363K, capacity 7900K, committed 7936K, reserved 1048576K
}
Event: 20.848 GC heap after
{Heap after GC invocations=15 (full 0):
 garbage-first heap   total 118784K, used 47141K [0x0000000080000000, 0x0000000100000000)
  region size 1024K, 3 young (3072K), 3 survivors (3072K)
 Metaspace       used 58790K, capacity 60150K, committed 60240K, reserved 1101824K
  class space    used 7363K, capacity 7900K, committed 7936K, reserved 1048576K
}
Event: 21.742 GC heap before
{Heap before GC invocations=16 (full 0):
 garbage-first heap   total 118784K, used 93221K [0x0000000080000000, 0x0000000100000000)
  region size 1024K, 42 young (43008K), 3 survivors (3072K)
 Metaspace       used 62779K, capacity 64224K, committed 64468K, reserved 1105920K
  class space    used 7860K, capacity 8401K, committed 8448K, reserved 1048576K
}
Event: 21.750 GC heap after
{Heap after GC invocations=17 (full 0):
 garbage-first heap   total 118784K, used 51229K [0x0000000080000000, 0x0000000100000000)
  region size 1024K, 6 young (6144K), 6 survivors (6144K)
 Metaspace       used 62779K, capacity 64224K, committed 64468K, reserved 1105920K
  class space    used 7860K, capacity 8401K, committed 8448K, reserved 1048576K
}
Event: 22.461 GC heap before
{Heap before GC invocations=18 (full 0):
 garbage-first heap   total 118784K, used 89117K [0x0000000080000000, 0x0000000100000000)
  region size 1024K, 43 young (44032K), 6 survivors (6144K)
 Metaspace       used 65505K, capacity 66883K, committed 67156K, reserved 1107968K
  class space    used 8199K, capacity 8766K, committed 8832K, reserved 1048576K
}
Event: 22.470 GC heap after
{Heap after GC invocations=19 (full 0):
 garbage-first heap   total 118784K, used 54537K [0x0000000080000000, 0x0000000100000000)
  region size 1024K, 4 young (4096K), 4 survivors (4096K)
 Metaspace       used 65505K, capacity 66883K, committed 67156K, reserved 1107968K
  class space    used 8199K, capacity 8766K, committed 8832K, reserved 1048576K
}
Event: 22.958 GC heap before
{Heap before GC invocations=19 (full 0):
 garbage-first heap   total 118784K, used 91401K [0x0000000080000000, 0x0000000100000000)
  region size 1024K, 40 young (40960K), 4 survivors (4096K)
 Metaspace       used 66388K, capacity 67890K, committed 68052K, reserved 1107968K
  class space    used 8335K, capacity 8907K, committed 8960K, reserved 1048576K
}
Event: 22.963 GC heap after
{Heap after GC invocations=20 (full 0):
 garbage-first heap   total 118784K, used 56726K [0x0000000080000000, 0x0000000100000000)
  region size 1024K, 3 young (3072K), 3 survivors (3072K)
 Metaspace       used 66388K, capacity 67890K, committed 68052K, reserved 1107968K
  class space    used 8335K, capacity 8907K, committed 8960K, reserved 1048576K
}

Deoptimization events (20 events):
Event: 22.557 Thread 0x0000026c5bbde800 Uncommon trap: trap_request=0xffffff4d fr.pc=0x0000026c4b5fee10 relative=0x0000000000000630
Event: 22.557 Thread 0x0000026c5bbde800 Uncommon trap: reason=unstable_if action=reinterpret pc=0x0000026c4b5fee10 method=java.lang.AbstractStringBuilder.appendChars(Ljava/lang/CharSequence;II)V @ 4 c2
Event: 22.557 Thread 0x0000026c5bbde800 DEOPT PACKING pc=0x0000026c4b5fee10 sp=0x000000e02edf6680
Event: 22.557 Thread 0x0000026c5bbde800 DEOPT UNPACKING pc=0x0000026c43aba1af sp=0x000000e02edf6568 mode 2
Event: 22.747 Thread 0x0000026c5bbde800 Uncommon trap: trap_request=0xffffff4d fr.pc=0x0000026c4b6ddc78 relative=0x0000000000000338
Event: 22.747 Thread 0x0000026c5bbde800 Uncommon trap: reason=unstable_if action=reinterpret pc=0x0000026c4b6ddc78 method=java.util.StringJoiner.add(Ljava/lang/CharSequence;)Ljava/util/StringJoiner; @ 33 c2
Event: 22.747 Thread 0x0000026c5bbde800 DEOPT PACKING pc=0x0000026c4b6ddc78 sp=0x000000e02edf5a20
Event: 22.747 Thread 0x0000026c5bbde800 DEOPT UNPACKING pc=0x0000026c43aba1af sp=0x000000e02edf59d0 mode 2
Event: 22.994 Thread 0x0000026c5bbde800 Uncommon trap: trap_request=0xffffff4d fr.pc=0x0000026c4b7d7ab8 relative=0x0000000000005898
Event: 22.995 Thread 0x0000026c5bbde800 Uncommon trap: reason=unstable_if action=reinterpret pc=0x0000026c4b7d7ab8 method=org.codehaus.groovy.runtime.metaclass.MetaMethodIndex.isOverridden(Lgroovy/lang/MetaMethod;Lgroovy/lang/MetaMethod;)Z @ 33 c2
Event: 22.995 Thread 0x0000026c5bbde800 DEOPT PACKING pc=0x0000026c4b7d7ab8 sp=0x000000e02edf47f0
Event: 22.995 Thread 0x0000026c5bbde800 DEOPT UNPACKING pc=0x0000026c43aba1af sp=0x000000e02edf4808 mode 2
Event: 23.004 Thread 0x0000026c5bbde800 Uncommon trap: trap_request=0xfffffff4 fr.pc=0x0000026c4b91a490 relative=0x00000000000009f0
Event: 23.004 Thread 0x0000026c5bbde800 Uncommon trap: reason=null_check action=make_not_entrant pc=0x0000026c4b91a490 method=com.sun.beans.introspect.MethodInfo$MethodOrder.compare(Ljava/lang/reflect/Method;Ljava/lang/reflect/Method;)I @ 133 c2
Event: 23.004 Thread 0x0000026c5bbde800 DEOPT PACKING pc=0x0000026c4b91a490 sp=0x000000e02edf2650
Event: 23.004 Thread 0x0000026c5bbde800 DEOPT UNPACKING pc=0x0000026c43aba1af sp=0x000000e02edf2580 mode 2
Event: 23.004 Thread 0x0000026c5bbde800 Uncommon trap: trap_request=0xfffffff4 fr.pc=0x0000026c4b91b800 relative=0x0000000000000960
Event: 23.004 Thread 0x0000026c5bbde800 Uncommon trap: reason=null_check action=make_not_entrant pc=0x0000026c4b91b800 method=com.sun.beans.introspect.MethodInfo$MethodOrder.compare(Ljava/lang/reflect/Method;Ljava/lang/reflect/Method;)I @ 133 c2
Event: 23.004 Thread 0x0000026c5bbde800 DEOPT PACKING pc=0x0000026c4b91b800 sp=0x000000e02edf25c0
Event: 23.004 Thread 0x0000026c5bbde800 DEOPT UNPACKING pc=0x0000026c43aba1af sp=0x000000e02edf2578 mode 2

Classes redefined (0 events):
No events

Internal exceptions (20 events):
Event: 22.933 Thread 0x0000026c5bbde800 Exception <a 'java/lang/ClassNotFoundException'{0x00000000853f91c8}: org/gradle/api/internal/AbstractNamedDomainObjectContainerBeanInfo> (0x00000000853f91c8) thrown at [./src/hotspot/share/classfile/systemDictionary.cpp, line 231]
Event: 22.934 Thread 0x0000026c5bbde800 Exception <a 'java/lang/ClassNotFoundException'{0x0000000085232a08}: org/gradle/api/internal/DefaultNamedDomainObjectSetBeanInfo> (0x0000000085232a08) thrown at [./src/hotspot/share/classfile/systemDictionary.cpp, line 231]
Event: 22.936 Thread 0x0000026c5bbde800 Exception <a 'java/lang/ClassNotFoundException'{0x000000008526bee0}: org/gradle/api/internal/DefaultNamedDomainObjectSetCustomizer> (0x000000008526bee0) thrown at [./src/hotspot/share/classfile/systemDictionary.cpp, line 231]
Event: 22.938 Thread 0x0000026c5bbde800 Exception <a 'java/lang/ClassNotFoundException'{0x00000000852bc6b8}: org/gradle/api/internal/AbstractNamedDomainObjectContainerCustomizer> (0x00000000852bc6b8) thrown at [./src/hotspot/share/classfile/systemDictionary.cpp, line 231]
Event: 22.941 Thread 0x0000026c5bbde800 Exception <a 'java/lang/ClassNotFoundException'{0x000000008510bb20}: org/gradle/api/internal/FactoryNamedDomainObjectContainerCustomizer> (0x000000008510bb20) thrown at [./src/hotspot/share/classfile/systemDictionary.cpp, line 231]
Event: 22.943 Thread 0x0000026c5bbde800 Exception <a 'java/lang/ClassNotFoundException'{0x0000000085153508}: org/gradle/api/internal/FactoryNamedDomainObjectContainer_DecoratedCustomizer> (0x0000000085153508) thrown at [./src/hotspot/share/classfile/systemDictionary.cpp, line 231]
Event: 22.998 Thread 0x0000026c5bbde800 Exception <a 'java/lang/ClassNotFoundException'{0x0000000086fc3610}: com/android/build/gradle/internal/dsl/BuildType$AgpDecorated_DecoratedBeanInfo> (0x0000000086fc3610) thrown at [./src/hotspot/share/classfile/systemDictionary.cpp, line 231]
Event: 23.000 Thread 0x0000026c5bbde800 Exception <a 'java/lang/ClassNotFoundException'{0x0000000086fe2600}: com/android/build/gradle/internal/dsl/BuildType$AgpDecoratedBeanInfo> (0x0000000086fe2600) thrown at [./src/hotspot/share/classfile/systemDictionary.cpp, line 231]
Event: 23.001 Thread 0x0000026c5bbde800 Exception <a 'java/lang/ClassNotFoundException'{0x0000000086fff8c8}: com/android/build/gradle/internal/dsl/BuildTypeBeanInfo> (0x0000000086fff8c8) thrown at [./src/hotspot/share/classfile/systemDictionary.cpp, line 231]
Event: 23.002 Thread 0x0000026c5bbde800 Exception <a 'java/lang/ClassNotFoundException'{0x0000000086e1c2a8}: com/android/builder/core/AbstractBuildTypeBeanInfo> (0x0000000086e1c2a8) thrown at [./src/hotspot/share/classfile/systemDictionary.cpp, line 231]
Event: 23.004 Thread 0x0000026c5bbde800 Exception <a 'java/lang/ClassNotFoundException'{0x0000000086e39150}: com/android/builder/core/AbstractBuildTypeCustomizer> (0x0000000086e39150) thrown at [./src/hotspot/share/classfile/systemDictionary.cpp, line 231]
Event: 23.004 Thread 0x0000026c5bbde800 Implicit null exception at 0x0000026c4b919dff to 0x0000026c4b91a47c
Event: 23.004 Thread 0x0000026c5bbde800 Implicit null exception at 0x0000026c4b91b1af to 0x0000026c4b91b7ec
Event: 23.006 Thread 0x0000026c5bbde800 Exception <a 'java/lang/ClassNotFoundException'{0x0000000086e72968}: com/android/build/gradle/internal/dsl/BuildTypeCustomizer> (0x0000000086e72968) thrown at [./src/hotspot/share/classfile/systemDictionary.cpp, line 231]
Event: 23.011 Thread 0x0000026c5bbde800 Exception <a 'java/lang/ClassNotFoundException'{0x0000000086d092d0}: com/android/build/gradle/internal/dsl/BuildType$AgpDecoratedCustomizer> (0x0000000086d092d0) thrown at [./src/hotspot/share/classfile/systemDictionary.cpp, line 231]
Event: 23.014 Thread 0x0000026c5bbde800 Exception <a 'java/lang/ClassNotFoundException'{0x0000000086d6a9d8}: com/android/build/gradle/internal/dsl/BuildType$AgpDecorated_DecoratedCustomizer> (0x0000000086d6a9d8) thrown at [./src/hotspot/share/classfile/systemDictionary.cpp, line 231]
Event: 23.022 Thread 0x0000026c5bbde800 Exception <a 'java/lang/ClassNotFoundException'{0x0000000086c44f78}: build_94zj77nazeseon1w2rxwpsux9$_run_closure1$_closure4BeanInfo> (0x0000000086c44f78) thrown at [./src/hotspot/share/classfile/systemDictionary.cpp, line 231]
Event: 23.022 Thread 0x0000026c5bbde800 Exception <a 'java/lang/ClassNotFoundException'{0x0000000086c57610}: build_94zj77nazeseon1w2rxwpsux9$_run_closure1$_closure4Customizer> (0x0000000086c57610) thrown at [./src/hotspot/share/classfile/systemDictionary.cpp, line 231]
Event: 23.026 Thread 0x0000026c5bbde800 Exception <a 'java/lang/ClassNotFoundException'{0x0000000086c82ac0}: build_94zj77nazeseon1w2rxwpsux9$_run_closure1BeanInfo> (0x0000000086c82ac0) thrown at [./src/hotspot/share/classfile/systemDictionary.cpp, line 231]
Event: 23.026 Thread 0x0000026c5bbde800 Exception <a 'java/lang/ClassNotFoundException'{0x0000000086c94920}: build_94zj77nazeseon1w2rxwpsux9$_run_closure1Customizer> (0x0000000086c94920) thrown at [./src/hotspot/share/classfile/systemDictionary.cpp, line 231]

Events (20 events):
Event: 23.022 loading class build_94zj77nazeseon1w2rxwpsux9$_run_closure1$_closure4Customizer
Event: 23.022 loading class build_94zj77nazeseon1w2rxwpsux9$_run_closure1$_closure4Customizer done
Event: 23.025 loading class build_94zj77nazeseon1w2rxwpsux9$_run_closure1BeanInfo
Event: 23.025 loading class build_94zj77nazeseon1w2rxwpsux9$_run_closure1BeanInfo done
Event: 23.025 loading class build_94zj77nazeseon1w2rxwpsux9$_run_closure1BeanInfo
Event: 23.025 loading class build_94zj77nazeseon1w2rxwpsux9$_run_closure1BeanInfo done
Event: 23.026 loading class build_94zj77nazeseon1w2rxwpsux9$_run_closure1Customizer
Event: 23.026 loading class build_94zj77nazeseon1w2rxwpsux9$_run_closure1Customizer done
Event: 23.026 loading class build_94zj77nazeseon1w2rxwpsux9$_run_closure1Customizer
Event: 23.026 loading class build_94zj77nazeseon1w2rxwpsux9$_run_closure1Customizer done
Event: 23.029 loading class groovy/runtime/metaclass/build_94zj77nazeseon1w2rxwpsux9$_run_closure1$_closure5MetaClass
Event: 23.029 loading class groovy/runtime/metaclass/build_94zj77nazeseon1w2rxwpsux9$_run_closure1$_closure5MetaClass done
Event: 23.031 loading class groovy/runtime/metaclass/org/gradle/api/JavaVersionMetaClass
Event: 23.031 loading class groovy/runtime/metaclass/org/gradle/api/JavaVersionMetaClass done
Event: 23.032 loading class org/gradle/api/JavaVersionBeanInfo
Event: 23.032 loading class org/gradle/api/JavaVersionBeanInfo done
Event: 23.033 loading class org/gradle/api/JavaVersionBeanInfo
Event: 23.033 loading class org/gradle/api/JavaVersionBeanInfo done
Event: 23.033 loading class org/gradle/api/JavaVersionBeanInfo
Event: 23.033 loading class org/gradle/api/JavaVersionBeanInfo done


Dynamic libraries:
0x00007ff79d380000 - 0x00007ff79d38a000 	C:\Program Files\Android\Android Studio\jre\bin\java.exe
0x00007ff92edb0000 - 0x00007ff92efc4000 	C:\WINDOWS\SYSTEM32\ntdll.dll
0x00007ff92e530000 - 0x00007ff92e5f4000 	C:\WINDOWS\System32\KERNEL32.DLL
0x00007ff92c5b0000 - 0x00007ff92c954000 	C:\WINDOWS\System32\KERNELBASE.dll
0x00007ff92c160000 - 0x00007ff92c271000 	C:\WINDOWS\System32\ucrtbase.dll
0x00007ff9003c0000 - 0x00007ff9003d7000 	C:\Program Files\Android\Android Studio\jre\bin\VCRUNTIME140.dll
0x00007ff903260000 - 0x00007ff903279000 	C:\Program Files\Android\Android Studio\jre\bin\jli.dll
0x00007ff92dc00000 - 0x00007ff92ddae000 	C:\WINDOWS\System32\USER32.dll
0x00007ff92c460000 - 0x00007ff92c486000 	C:\WINDOWS\System32\win32u.dll
0x00007ff918340000 - 0x00007ff9185d3000 	C:\WINDOWS\WinSxS\amd64_microsoft.windows.common-controls_6595b64144ccf1df_6.0.22621.2215_none_270d72677387dfc3\COMCTL32.dll
0x00007ff92d030000 - 0x00007ff92d059000 	C:\WINDOWS\System32\GDI32.dll
0x00007ff92d2c0000 - 0x00007ff92d367000 	C:\WINDOWS\System32\msvcrt.dll
0x00007ff92c490000 - 0x00007ff92c5a8000 	C:\WINDOWS\System32\gdi32full.dll
0x00007ff92caa0000 - 0x00007ff92cb3a000 	C:\WINDOWS\System32\msvcp_win.dll
0x00007ff92cc00000 - 0x00007ff92cc31000 	C:\WINDOWS\System32\IMM32.DLL
0x00007ff8ecad0000 - 0x00007ff8ecb6d000 	C:\Program Files\Android\Android Studio\jre\bin\msvcp140.dll
0x00007ff8a4360000 - 0x00007ff8a4e62000 	C:\Program Files\Android\Android Studio\jre\bin\server\jvm.dll
0x00007ff92eca0000 - 0x00007ff92ed50000 	C:\WINDOWS\System32\ADVAPI32.dll
0x00007ff92cb40000 - 0x00007ff92cbe6000 	C:\WINDOWS\System32\sechost.dll
0x00007ff92d1a0000 - 0x00007ff92d2b7000 	C:\WINDOWS\System32\RPCRT4.dll
0x00007ff92d0f0000 - 0x00007ff92d0f8000 	C:\WINDOWS\System32\PSAPI.DLL
0x00007ff9242e0000 - 0x00007ff924314000 	C:\WINDOWS\SYSTEM32\WINMM.dll
0x00007ff92adc0000 - 0x00007ff92adca000 	C:\WINDOWS\SYSTEM32\VERSION.dll
0x00007ff910560000 - 0x00007ff910569000 	C:\WINDOWS\SYSTEM32\WSOCK32.dll
0x00007ff92e740000 - 0x00007ff92e7b1000 	C:\WINDOWS\System32\ws2_32.DLL
0x00007ff92b1b0000 - 0x00007ff92b1c8000 	C:\WINDOWS\SYSTEM32\kernel.appcore.dll
0x00007ff9137b0000 - 0x00007ff9137c1000 	C:\Program Files\Android\Android Studio\jre\bin\verify.dll
0x00007ff922780000 - 0x00007ff9229ae000 	C:\WINDOWS\SYSTEM32\DBGHELP.DLL
0x00007ff92e190000 - 0x00007ff92e51a000 	C:\WINDOWS\System32\combase.dll
0x00007ff92e660000 - 0x00007ff92e737000 	C:\WINDOWS\System32\OLEAUT32.dll
0x00007ff917500000 - 0x00007ff917532000 	C:\WINDOWS\SYSTEM32\dbgcore.DLL
0x00007ff92c960000 - 0x00007ff92c9da000 	C:\WINDOWS\System32\bcryptPrimitives.dll
0x00007ff912e30000 - 0x00007ff912e59000 	C:\Program Files\Android\Android Studio\jre\bin\java.dll
0x00007ff9277f0000 - 0x00007ff9277fb000 	C:\Program Files\Android\Android Studio\jre\bin\jimage.dll
0x00007ff912e10000 - 0x00007ff912e28000 	C:\Program Files\Android\Android Studio\jre\bin\zip.dll
0x00007ff92d370000 - 0x00007ff92db93000 	C:\WINDOWS\System32\SHELL32.dll
0x00007ff929e50000 - 0x00007ff92a73a000 	C:\WINDOWS\SYSTEM32\windows.storage.dll
0x00007ff929d10000 - 0x00007ff929e4e000 	C:\WINDOWS\SYSTEM32\wintypes.dll
0x00007ff92cc40000 - 0x00007ff92cd33000 	C:\WINDOWS\System32\SHCORE.dll
0x00007ff92e7c0000 - 0x00007ff92e81e000 	C:\WINDOWS\System32\shlwapi.dll
0x00007ff92c090000 - 0x00007ff92c0b6000 	C:\WINDOWS\SYSTEM32\profapi.dll
0x00007ff9107e0000 - 0x00007ff9107fa000 	C:\Program Files\Android\Android Studio\jre\bin\net.dll
0x00007ff9241a0000 - 0x00007ff9242d7000 	C:\WINDOWS\SYSTEM32\WINHTTP.dll
0x00007ff92b630000 - 0x00007ff92b699000 	C:\WINDOWS\system32\mswsock.dll
0x00007ff9243c0000 - 0x00007ff9243d4000 	C:\Program Files\Android\Android Studio\jre\bin\nio.dll
0x00007ff8f8210000 - 0x00007ff8f8237000 	C:\Users\tobia\.gradle\native\e1d6ef7f7dcc3fd88c89a11ec53ec762bb8ba0a96d01ffa2cd45eb1d1d8dd5c5\windows-amd64\native-platform.dll
0x00007ff8c8680000 - 0x00007ff8c87c4000 	C:\Users\tobia\.gradle\native\0d407fdbe67a94daf76414ababcb853783967236a71b16ec16e742cd7a986fd3\windows-amd64\native-platform-file-events.dll
0x00007ff924360000 - 0x00007ff92436a000 	C:\Program Files\Android\Android Studio\jre\bin\management.dll
0x00007ff91c7b0000 - 0x00007ff91c7bd000 	C:\Program Files\Android\Android Studio\jre\bin\management_ext.dll
0x00007ff92b880000 - 0x00007ff92b89b000 	C:\WINDOWS\SYSTEM32\CRYPTSP.dll
0x00007ff92b120000 - 0x00007ff92b155000 	C:\WINDOWS\system32\rsaenh.dll
0x00007ff92b720000 - 0x00007ff92b74c000 	C:\WINDOWS\SYSTEM32\USERENV.dll
0x00007ff92ba40000 - 0x00007ff92ba68000 	C:\WINDOWS\SYSTEM32\bcrypt.dll
0x00007ff92b8a0000 - 0x00007ff92b8ac000 	C:\WINDOWS\SYSTEM32\CRYPTBASE.dll
0x00007ff92a9d0000 - 0x00007ff92a9fd000 	C:\WINDOWS\SYSTEM32\IPHLPAPI.DLL
0x00007ff92dbf0000 - 0x00007ff92dbf9000 	C:\WINDOWS\System32\NSI.dll
0x00007ff924560000 - 0x00007ff924579000 	C:\WINDOWS\SYSTEM32\dhcpcsvc6.DLL
0x00007ff924340000 - 0x00007ff92435f000 	C:\WINDOWS\SYSTEM32\dhcpcsvc.DLL
0x00007ff92aa00000 - 0x00007ff92aaf2000 	C:\WINDOWS\SYSTEM32\DNSAPI.dll

dbghelp: loaded successfully - version: 4.0.5 - missing functions: none
symbol engine: initialized successfully - sym options: 0x614 - pdb path: .;C:\Program Files\Android\Android Studio\jre\bin;C:\WINDOWS\SYSTEM32;C:\WINDOWS\WinSxS\amd64_microsoft.windows.common-controls_6595b64144ccf1df_6.0.22621.2215_none_270d72677387dfc3;C:\Program Files\Android\Android Studio\jre\bin\server;C:\Users\tobia\.gradle\native\e1d6ef7f7dcc3fd88c89a11ec53ec762bb8ba0a96d01ffa2cd45eb1d1d8dd5c5\windows-amd64;C:\Users\tobia\.gradle\native\0d407fdbe67a94daf76414ababcb853783967236a71b16ec16e742cd7a986fd3\windows-amd64

VM Arguments:
jvm_args: --add-opens=java.base/java.util=ALL-UNNAMED --add-opens=java.base/java.lang=ALL-UNNAMED --add-opens=java.base/java.lang.invoke=ALL-UNNAMED --add-opens=java.base/java.util=ALL-UNNAMED --add-opens=java.prefs/java.util.prefs=ALL-UNNAMED --add-opens=java.prefs/java.util.prefs=ALL-UNNAMED --add-opens=java.base/java.nio.charset=ALL-UNNAMED --add-opens=java.base/java.net=ALL-UNNAMED --add-opens=java.base/java.util.concurrent.atomic=ALL-UNNAMED -Xmx2048m -Dfile.encoding=UTF-8 -Duser.country=PY -Duser.language=es -Duser.variant 
java_command: org.gradle.launcher.daemon.bootstrap.GradleDaemon 7.4
java_class_path (initial): C:\Users\tobia\.gradle\wrapper\dists\gradle-7.4-bin\c0gwcg53nkjbqw7r0h0umtfvt\gradle-7.4\lib\gradle-launcher-7.4.jar
Launcher Type: SUN_STANDARD

[Global flags]
     intx CICompilerCount                          = 4                                         {product} {ergonomic}
     uint ConcGCThreads                            = 2                                         {product} {ergonomic}
     uint G1ConcRefinementThreads                  = 8                                         {product} {ergonomic}
   size_t G1HeapRegionSize                         = 1048576                                   {product} {ergonomic}
    uintx GCDrainStackTargetSize                   = 64                                        {product} {ergonomic}
   size_t InitialHeapSize                          = 100663296                                 {product} {ergonomic}
   size_t MarkStackSize                            = 4194304                                   {product} {ergonomic}
   size_t MaxHeapSize                              = 2147483648                                {product} {command line}
   size_t MaxNewSize                               = 1287651328                                {product} {ergonomic}
   size_t MinHeapDeltaBytes                        = 1048576                                   {product} {ergonomic}
    uintx NonNMethodCodeHeapSize                   = 5836300                                {pd product} {ergonomic}
    uintx NonProfiledCodeHeapSize                  = 122910970                              {pd product} {ergonomic}
    uintx ProfiledCodeHeapSize                     = 122910970                              {pd product} {ergonomic}
    uintx ReservedCodeCacheSize                    = 251658240                              {pd product} {ergonomic}
     bool SegmentedCodeCache                       = true                                      {product} {ergonomic}
     bool UseCompressedClassPointers               = true                                 {lp64_product} {ergonomic}
     bool UseCompressedOops                        = true                                 {lp64_product} {ergonomic}
     bool UseG1GC                                  = true                                      {product} {ergonomic}
     bool UseLargePagesIndividualAllocation        = false                                  {pd product} {ergonomic}

Logging:
Log output configuration:
 #0: stdout all=warning uptime,level,tags
 #1: stderr all=off uptime,level,tags

Environment Variables:
JAVA_HOME=C:\Program Files\Java\jdk-16.0.1
PATH=C:\Program Files (x86)\NVIDIA Corporation\PhysX\Common;C:\Program Files (x86)\Common Files\Intel\Shared Libraries\redist\intel64\compiler;C:\Program Files\Python310\Scripts\;C:\Program Files\Python310\;C:\Program Files\Common Files\Oracle\Java\javapath;C:\Program Files (x86)\Common Files\Oracle\Java\javapath;C:\WINDOWS\system32;C:\WINDOWS;C:\WINDOWS\System32\Wbem;C:\WINDOWS\System32\WindowsPowerShell\v1.0\;C:\WINDOWS\System32\OpenSSH\;C:\Program Files (x86)\GtkSharp\2.12\bin;C:\Program Files\Java\jdk-16.0.1\bin;C:\MinGW\bin;C:\Program Files\dotnet\;C:\WINDOWS\system32;C:\WINDOWS;C:\WINDOWS\System32\Wbem;C:\WINDOWS\System32\WindowsPowerShell\v1.0\;C:\WINDOWS\System32\OpenSSH\;C:\Program Files\Git\cmd;C:\mavenbin;C:\Program Files\nodejs\;C:\Program Files\MySQL\MySQL Shell 8.0\bin\;C:\Users\tobia\AppData\Local\Microsoft\WindowsApps;C:\Users\tobia\AppData\Local\Programs\Microsoft VS Code\bin;C:\Users\tobia\.dotnet\tools;C:\Users\tobia\AppData\Roaming\npm
USERNAME=tobia
OS=Windows_NT
PROCESSOR_IDENTIFIER=AMD64 Family 23 Model 24 Stepping 1, AuthenticAMD



---------------  S Y S T E M  ---------------

OS: Windows 11 , 64 bit Build 22621 (10.0.22621.2215)
OS uptime: 0 days 23:43 hours

CPU:total 8 (initial active 8) (8 cores per cpu, 2 threads per core) family 23 model 24 stepping 1 microcode 0x0, cmov, cx8, fxsr, mmx, sse, sse2, sse3, ssse3, sse4.1, sse4.2, popcnt, avx, avx2, aes, clmul, mmxext, 3dnowpref, lzcnt, sse4a, ht, tsc, tscinvbit, tscinv, bmi1, bmi2, adx, sha, fma

Memory: 4k page, system-wide physical 6091M (1023M free)
TotalPageFile size 24523M (AvailPageFile size 1M)
current process WorkingSet (physical memory assigned to process): 284M, peak: 284M
current process commit charge ("private bytes"): 360M, peak: 360M

vm_info: OpenJDK 64-Bit Server VM (11.0.13+0-b1751.21-8125866) for windows-amd64 JRE (11.0.13+0-b1751.21-8125866), built on Feb  2 2022 03:00:22 by "builder" with MS VC++ 14.0 (VS2015)

END.
